2025-09-07 02:08:28 [main] INFO  com.Uqar.UqarApplication - Starting UqarApplication using Java 21.0.7 with PID 29636 (D:\مشروع 2\Uqar\target\classes started by ASUS in D:\مشروع 2\Uqar)
2025-09-07 02:08:28 [main] INFO  com.Uqar.UqarApplication - No active profile set, falling back to 1 default profile: "default"
2025-09-07 02:08:29 [main] INFO  o.s.d.r.c.RepositoryConfigurationDelegate - Bootstrapping Spring Data JPA repositories in DEFAULT mode.
2025-09-07 02:08:29 [main] INFO  o.s.d.r.c.RepositoryConfigurationDelegate - Finished Spring Data repository scanning in 106 ms. Found 38 JPA repository interfaces.
2025-09-07 02:08:30 [main] INFO  o.s.b.w.e.tomcat.TomcatWebServer - Tomcat initialized with port 3000 (http)
2025-09-07 02:08:30 [main] INFO  o.a.catalina.core.StandardService - Starting service [Tomcat]
2025-09-07 02:08:30 [main] INFO  o.a.catalina.core.StandardEngine - Starting Servlet engine: [Apache Tomcat/10.1.17]
2025-09-07 02:08:30 [main] INFO  o.a.c.c.C.[Tomcat].[localhost].[/] - Initializing Spring embedded WebApplicationContext
2025-09-07 02:08:30 [main] INFO  o.s.b.w.s.c.ServletWebServerApplicationContext - Root WebApplicationContext: initialization completed in 2290 ms
2025-09-07 02:08:30 [main] INFO  o.s.b.f.a.AutowiredAnnotationBeanPostProcessor - Autowired annotation is not supported on static fields: private static final java.lang.String com.Uqar.config.JwtService.SECRET_KEY
2025-09-07 02:08:31 [main] INFO  o.h.jpa.internal.util.LogHelper - HHH000204: Processing PersistenceUnitInfo [name: default]
2025-09-07 02:08:31 [main] INFO  org.hibernate.Version - HHH000412: Hibernate ORM core version 6.4.1.Final
2025-09-07 02:08:31 [main] INFO  o.h.c.i.RegionFactoryInitiator - HHH000026: Second-level cache disabled
2025-09-07 02:08:31 [main] INFO  o.s.o.j.p.SpringPersistenceUnitInfo - No LoadTimeWeaver setup: ignoring JPA class transformer
2025-09-07 02:08:31 [main] INFO  com.zaxxer.hikari.HikariDataSource - Uqar - Starting...
2025-09-07 02:08:31 [main] INFO  com.zaxxer.hikari.pool.HikariPool - Uqar - Added connection org.postgresql.jdbc.PgConnection@4803bf73
2025-09-07 02:08:31 [main] INFO  com.zaxxer.hikari.HikariDataSource - Uqar - Start completed.
2025-09-07 02:08:31 [main] WARN  org.hibernate.orm.deprecation - HHH90000025: PostgreSQLDialect does not need to be specified explicitly using 'hibernate.dialect' (remove the property setting and it will be selected by default)
2025-09-07 02:08:32 [main] INFO  o.h.e.t.j.p.i.JtaPlatformInitiator - HHH000489: No JTA platform available (set 'hibernate.transaction.jta.platform' to enable JTA platform integration)
2025-09-07 02:08:32 [main] WARN  o.h.e.jdbc.spi.SqlExceptionHelper - SQL Warning Code: 0, SQLState: 00000
2025-09-07 02:08:32 [main] WARN  o.h.e.jdbc.spi.SqlExceptionHelper - relation "Category_Translation" does not exist, skipping
2025-09-07 02:08:32 [main] WARN  o.h.e.jdbc.spi.SqlExceptionHelper - SQL Warning Code: 0, SQLState: 00000
2025-09-07 02:08:32 [main] WARN  o.h.e.jdbc.spi.SqlExceptionHelper - relation "Category_Translation" does not exist, skipping
2025-09-07 02:08:32 [main] WARN  o.h.e.jdbc.spi.SqlExceptionHelper - SQL Warning Code: 0, SQLState: 00000
2025-09-07 02:08:32 [main] WARN  o.h.e.jdbc.spi.SqlExceptionHelper - relation "Employee" does not exist, skipping
2025-09-07 02:08:32 [main] WARN  o.h.e.jdbc.spi.SqlExceptionHelper - SQL Warning Code: 0, SQLState: 00000
2025-09-07 02:08:32 [main] WARN  o.h.e.jdbc.spi.SqlExceptionHelper - relation "Employee" does not exist, skipping
2025-09-07 02:08:32 [main] WARN  o.h.e.jdbc.spi.SqlExceptionHelper - SQL Warning Code: 0, SQLState: 00000
2025-09-07 02:08:32 [main] WARN  o.h.e.jdbc.spi.SqlExceptionHelper - relation "EmployeeWorkingHours" does not exist, skipping
2025-09-07 02:08:32 [main] WARN  o.h.e.jdbc.spi.SqlExceptionHelper - SQL Warning Code: 0, SQLState: 00000
2025-09-07 02:08:32 [main] WARN  o.h.e.jdbc.spi.SqlExceptionHelper - relation "Manufacturer_Translation" does not exist, skipping
2025-09-07 02:08:32 [main] WARN  o.h.e.jdbc.spi.SqlExceptionHelper - SQL Warning Code: 0, SQLState: 00000
2025-09-07 02:08:32 [main] WARN  o.h.e.jdbc.spi.SqlExceptionHelper - relation "Manufacturer_Translation" does not exist, skipping
2025-09-07 02:08:32 [main] WARN  o.h.e.jdbc.spi.SqlExceptionHelper - SQL Warning Code: 0, SQLState: 00000
2025-09-07 02:08:32 [main] WARN  o.h.e.jdbc.spi.SqlExceptionHelper - relation "Pharmacy" does not exist, skipping
2025-09-07 02:08:32 [main] WARN  o.h.e.jdbc.spi.SqlExceptionHelper - SQL Warning Code: 0, SQLState: 00000
2025-09-07 02:08:32 [main] WARN  o.h.e.jdbc.spi.SqlExceptionHelper - relation "User" does not exist, skipping
2025-09-07 02:08:32 [main] WARN  o.h.e.jdbc.spi.SqlExceptionHelper - SQL Warning Code: 0, SQLState: 00000
2025-09-07 02:08:32 [main] WARN  o.h.e.jdbc.spi.SqlExceptionHelper - relation "WorkShift" does not exist, skipping
2025-09-07 02:08:32 [main] WARN  o.h.e.jdbc.spi.SqlExceptionHelper - SQL Warning Code: 0, SQLState: 00000
2025-09-07 02:08:32 [main] WARN  o.h.e.jdbc.spi.SqlExceptionHelper - constraint "FKgq7gdvi012g0ndbdqepsjer13" of relation "customers" does not exist, skipping
2025-09-07 02:08:32 [main] WARN  o.h.e.jdbc.spi.SqlExceptionHelper - SQL Warning Code: 0, SQLState: 00000
2025-09-07 02:08:32 [main] WARN  o.h.e.jdbc.spi.SqlExceptionHelper - constraint "FKgl53rfkp2m0w4wo2hi32t8263" of relation "pharmacy_product" does not exist, skipping
2025-09-07 02:08:32 [main] WARN  o.h.e.jdbc.spi.SqlExceptionHelper - SQL Warning Code: 0, SQLState: 00000
2025-09-07 02:08:32 [main] WARN  o.h.e.jdbc.spi.SqlExceptionHelper - constraint "FK3s4eg6h3r63wuaqjxku2gqnn1" of relation "purchase_invoice" does not exist, skipping
2025-09-07 02:08:32 [main] WARN  o.h.e.jdbc.spi.SqlExceptionHelper - SQL Warning Code: 0, SQLState: 00000
2025-09-07 02:08:32 [main] WARN  o.h.e.jdbc.spi.SqlExceptionHelper - constraint "FKfx1rdaw0gxad8q0ms4k1lsymt" of relation "purchase_order" does not exist, skipping
2025-09-07 02:08:32 [main] WARN  o.h.e.jdbc.spi.SqlExceptionHelper - SQL Warning Code: 0, SQLState: 00000
2025-09-07 02:08:32 [main] WARN  o.h.e.jdbc.spi.SqlExceptionHelper - constraint "FKrg9u61s6qhxbj5cuvn12f0b09" of relation "sale_invoices" does not exist, skipping
2025-09-07 02:08:32 [main] WARN  o.h.e.jdbc.spi.SqlExceptionHelper - SQL Warning Code: 0, SQLState: 00000
2025-09-07 02:08:32 [main] WARN  o.h.e.jdbc.spi.SqlExceptionHelper - constraint "FKmhpxj2ff2enrg983quk2vvoor" of relation "sale_refunds" does not exist, skipping
2025-09-07 02:08:32 [main] WARN  o.h.e.jdbc.spi.SqlExceptionHelper - SQL Warning Code: 0, SQLState: 00000
2025-09-07 02:08:32 [main] WARN  o.h.e.jdbc.spi.SqlExceptionHelper - constraint "FKskxerryegrsd2v9ukwjkyybsq" of relation "stock_item" does not exist, skipping
2025-09-07 02:08:32 [main] WARN  o.h.e.jdbc.spi.SqlExceptionHelper - SQL Warning Code: 0, SQLState: 00000
2025-09-07 02:08:32 [main] WARN  o.h.e.jdbc.spi.SqlExceptionHelper - constraint "FK1fn0dl6bawf92obp8nkmlhd5f" of relation "suppliers" does not exist, skipping
2025-09-07 02:08:32 [main] WARN  o.h.e.jdbc.spi.SqlExceptionHelper - SQL Warning Code: 0, SQLState: 00000
2025-09-07 02:08:32 [main] WARN  o.h.e.jdbc.spi.SqlExceptionHelper - table "Category_Translation" does not exist, skipping
2025-09-07 02:08:32 [main] WARN  o.h.e.jdbc.spi.SqlExceptionHelper - SQL Warning Code: 0, SQLState: 00000
2025-09-07 02:08:32 [main] WARN  o.h.e.jdbc.spi.SqlExceptionHelper - table "Employee" does not exist, skipping
2025-09-07 02:08:32 [main] WARN  o.h.e.jdbc.spi.SqlExceptionHelper - SQL Warning Code: 0, SQLState: 00000
2025-09-07 02:08:32 [main] WARN  o.h.e.jdbc.spi.SqlExceptionHelper - table "EmployeeWorkingHours" does not exist, skipping
2025-09-07 02:08:32 [main] WARN  o.h.e.jdbc.spi.SqlExceptionHelper - SQL Warning Code: 0, SQLState: 00000
2025-09-07 02:08:32 [main] WARN  o.h.e.jdbc.spi.SqlExceptionHelper - table "Manufacturer_Translation" does not exist, skipping
2025-09-07 02:08:32 [main] WARN  o.h.e.jdbc.spi.SqlExceptionHelper - SQL Warning Code: 0, SQLState: 00000
2025-09-07 02:08:32 [main] WARN  o.h.e.jdbc.spi.SqlExceptionHelper - table "Pharmacy" does not exist, skipping
2025-09-07 02:08:32 [main] WARN  o.h.e.jdbc.spi.SqlExceptionHelper - SQL Warning Code: 0, SQLState: 00000
2025-09-07 02:08:32 [main] WARN  o.h.e.jdbc.spi.SqlExceptionHelper - table "User" does not exist, skipping
2025-09-07 02:08:32 [main] WARN  o.h.e.jdbc.spi.SqlExceptionHelper - SQL Warning Code: 0, SQLState: 00000
2025-09-07 02:08:32 [main] WARN  o.h.e.jdbc.spi.SqlExceptionHelper - table "WorkShift" does not exist, skipping
2025-09-07 02:08:32 [main] WARN  o.h.e.jdbc.spi.SqlExceptionHelper - SQL Warning Code: 0, SQLState: 00000
2025-09-07 02:08:32 [main] WARN  o.h.e.jdbc.spi.SqlExceptionHelper - drop cascades to constraint FKphqnd0ttmuv8j9ijtc9iuyjfn on table pharmacy
2025-09-07 02:08:32 [main] WARN  o.h.e.jdbc.spi.SqlExceptionHelper - SQL Warning Code: 0, SQLState: 00000
2025-09-07 02:08:32 [main] WARN  o.h.e.jdbc.spi.SqlExceptionHelper - drop cascades to constraint FK41p3in373pt117ybkot1dwi3y on table category_translation
2025-09-07 02:08:32 [main] WARN  o.h.e.jdbc.spi.SqlExceptionHelper - SQL Warning Code: 0, SQLState: 00000
2025-09-07 02:08:32 [main] WARN  o.h.e.jdbc.spi.SqlExceptionHelper - drop cascades to 2 other objects
2025-09-07 02:08:32 [main] WARN  o.h.e.jdbc.spi.SqlExceptionHelper - SQL Warning Code: 0, SQLState: 00000
2025-09-07 02:08:32 [main] WARN  o.h.e.jdbc.spi.SqlExceptionHelper - drop cascades to constraint FK7bk3n203j0dih9t4ucq2yx3bw on table manufacturer_translation
2025-09-07 02:08:32 [main] WARN  o.h.e.jdbc.spi.SqlExceptionHelper - SQL Warning Code: 0, SQLState: 00000
2025-09-07 02:08:32 [main] WARN  o.h.e.jdbc.spi.SqlExceptionHelper - drop cascades to 2 other objects
2025-09-07 02:08:33 [main] WARN  o.h.e.jdbc.spi.SqlExceptionHelper - SQL Warning Code: 0, SQLState: 00000
2025-09-07 02:08:33 [main] WARN  o.h.e.jdbc.spi.SqlExceptionHelper - sequence "Category_Translation_SEQ" does not exist, skipping
2025-09-07 02:08:33 [main] WARN  o.h.e.jdbc.spi.SqlExceptionHelper - SQL Warning Code: 0, SQLState: 00000
2025-09-07 02:08:33 [main] WARN  o.h.e.jdbc.spi.SqlExceptionHelper - sequence "EmployeeWorkingHours_SEQ" does not exist, skipping
2025-09-07 02:08:33 [main] WARN  o.h.e.jdbc.spi.SqlExceptionHelper - SQL Warning Code: 0, SQLState: 00000
2025-09-07 02:08:33 [main] WARN  o.h.e.jdbc.spi.SqlExceptionHelper - sequence "Manufacturer_Translation_SEQ" does not exist, skipping
2025-09-07 02:08:33 [main] WARN  o.h.e.jdbc.spi.SqlExceptionHelper - SQL Warning Code: 0, SQLState: 00000
2025-09-07 02:08:33 [main] WARN  o.h.e.jdbc.spi.SqlExceptionHelper - sequence "Pharmacy_SEQ" does not exist, skipping
2025-09-07 02:08:33 [main] WARN  o.h.e.jdbc.spi.SqlExceptionHelper - SQL Warning Code: 0, SQLState: 00000
2025-09-07 02:08:33 [main] WARN  o.h.e.jdbc.spi.SqlExceptionHelper - sequence "User_SEQ" does not exist, skipping
2025-09-07 02:08:33 [main] WARN  o.h.e.jdbc.spi.SqlExceptionHelper - SQL Warning Code: 0, SQLState: 00000
2025-09-07 02:08:33 [main] WARN  o.h.e.jdbc.spi.SqlExceptionHelper - sequence "WorkShift_SEQ" does not exist, skipping
2025-09-07 02:08:33 [main] WARN  o.h.e.jdbc.spi.SqlExceptionHelper - SQL Warning Code: 0, SQLState: 00000
2025-09-07 02:08:33 [main] WARN  o.h.e.jdbc.spi.SqlExceptionHelper - sequence "area_translations_SEQ" does not exist, skipping
2025-09-07 02:08:33 [main] WARN  o.h.e.jdbc.spi.SqlExceptionHelper - SQL Warning Code: 0, SQLState: 00000
2025-09-07 02:08:33 [main] WARN  o.h.e.jdbc.spi.SqlExceptionHelper - sequence "areas_SEQ" does not exist, skipping
2025-09-07 02:08:33 [main] WARN  o.h.e.jdbc.spi.SqlExceptionHelper - SQL Warning Code: 0, SQLState: 00000
2025-09-07 02:08:33 [main] WARN  o.h.e.jdbc.spi.SqlExceptionHelper - sequence "categories_SEQ" does not exist, skipping
2025-09-07 02:08:33 [main] WARN  o.h.e.jdbc.spi.SqlExceptionHelper - SQL Warning Code: 0, SQLState: 00000
2025-09-07 02:08:33 [main] WARN  o.h.e.jdbc.spi.SqlExceptionHelper - sequence "customer_debt_SEQ" does not exist, skipping
2025-09-07 02:08:33 [main] WARN  o.h.e.jdbc.spi.SqlExceptionHelper - SQL Warning Code: 0, SQLState: 00000
2025-09-07 02:08:33 [main] WARN  o.h.e.jdbc.spi.SqlExceptionHelper - sequence "customers_SEQ" does not exist, skipping
2025-09-07 02:08:33 [main] WARN  o.h.e.jdbc.spi.SqlExceptionHelper - SQL Warning Code: 0, SQLState: 00000
2025-09-07 02:08:33 [main] WARN  o.h.e.jdbc.spi.SqlExceptionHelper - sequence "form_translation_SEQ" does not exist, skipping
2025-09-07 02:08:33 [main] WARN  o.h.e.jdbc.spi.SqlExceptionHelper - SQL Warning Code: 0, SQLState: 00000
2025-09-07 02:08:33 [main] WARN  o.h.e.jdbc.spi.SqlExceptionHelper - sequence "forms_SEQ" does not exist, skipping
2025-09-07 02:08:33 [main] WARN  o.h.e.jdbc.spi.SqlExceptionHelper - SQL Warning Code: 0, SQLState: 00000
2025-09-07 02:08:33 [main] WARN  o.h.e.jdbc.spi.SqlExceptionHelper - sequence "languages_SEQ" does not exist, skipping
2025-09-07 02:08:33 [main] WARN  o.h.e.jdbc.spi.SqlExceptionHelper - SQL Warning Code: 0, SQLState: 00000
2025-09-07 02:08:33 [main] WARN  o.h.e.jdbc.spi.SqlExceptionHelper - sequence "manufacturers_SEQ" does not exist, skipping
2025-09-07 02:08:33 [main] WARN  o.h.e.jdbc.spi.SqlExceptionHelper - SQL Warning Code: 0, SQLState: 00000
2025-09-07 02:08:33 [main] WARN  o.h.e.jdbc.spi.SqlExceptionHelper - sequence "master_product_SEQ" does not exist, skipping
2025-09-07 02:08:33 [main] WARN  o.h.e.jdbc.spi.SqlExceptionHelper - SQL Warning Code: 0, SQLState: 00000
2025-09-07 02:08:33 [main] WARN  o.h.e.jdbc.spi.SqlExceptionHelper - sequence "master_product_translation_SEQ" does not exist, skipping
2025-09-07 02:08:33 [main] WARN  o.h.e.jdbc.spi.SqlExceptionHelper - SQL Warning Code: 0, SQLState: 00000
2025-09-07 02:08:33 [main] WARN  o.h.e.jdbc.spi.SqlExceptionHelper - sequence "permissions_SEQ" does not exist, skipping
2025-09-07 02:08:33 [main] WARN  o.h.e.jdbc.spi.SqlExceptionHelper - SQL Warning Code: 0, SQLState: 00000
2025-09-07 02:08:33 [main] WARN  o.h.e.jdbc.spi.SqlExceptionHelper - sequence "pharmacy_product_SEQ" does not exist, skipping
2025-09-07 02:08:33 [main] WARN  o.h.e.jdbc.spi.SqlExceptionHelper - SQL Warning Code: 0, SQLState: 00000
2025-09-07 02:08:33 [main] WARN  o.h.e.jdbc.spi.SqlExceptionHelper - sequence "pharmacy_product_barcode_SEQ" does not exist, skipping
2025-09-07 02:08:33 [main] WARN  o.h.e.jdbc.spi.SqlExceptionHelper - SQL Warning Code: 0, SQLState: 00000
2025-09-07 02:08:33 [main] WARN  o.h.e.jdbc.spi.SqlExceptionHelper - sequence "pharmacy_product_translation_SEQ" does not exist, skipping
2025-09-07 02:08:33 [main] WARN  o.h.e.jdbc.spi.SqlExceptionHelper - SQL Warning Code: 0, SQLState: 00000
2025-09-07 02:08:33 [main] WARN  o.h.e.jdbc.spi.SqlExceptionHelper - sequence "purchase_invoice_SEQ" does not exist, skipping
2025-09-07 02:08:33 [main] WARN  o.h.e.jdbc.spi.SqlExceptionHelper - SQL Warning Code: 0, SQLState: 00000
2025-09-07 02:08:33 [main] WARN  o.h.e.jdbc.spi.SqlExceptionHelper - sequence "purchase_invoice_item_SEQ" does not exist, skipping
2025-09-07 02:08:33 [main] WARN  o.h.e.jdbc.spi.SqlExceptionHelper - SQL Warning Code: 0, SQLState: 00000
2025-09-07 02:08:33 [main] WARN  o.h.e.jdbc.spi.SqlExceptionHelper - sequence "purchase_order_SEQ" does not exist, skipping
2025-09-07 02:08:33 [main] WARN  o.h.e.jdbc.spi.SqlExceptionHelper - SQL Warning Code: 0, SQLState: 00000
2025-09-07 02:08:33 [main] WARN  o.h.e.jdbc.spi.SqlExceptionHelper - sequence "purchase_order_item_SEQ" does not exist, skipping
2025-09-07 02:08:33 [main] WARN  o.h.e.jdbc.spi.SqlExceptionHelper - SQL Warning Code: 0, SQLState: 00000
2025-09-07 02:08:33 [main] WARN  o.h.e.jdbc.spi.SqlExceptionHelper - sequence "roles_SEQ" does not exist, skipping
2025-09-07 02:08:33 [main] WARN  o.h.e.jdbc.spi.SqlExceptionHelper - SQL Warning Code: 0, SQLState: 00000
2025-09-07 02:08:33 [main] WARN  o.h.e.jdbc.spi.SqlExceptionHelper - sequence "sale_invoice_items_SEQ" does not exist, skipping
2025-09-07 02:08:33 [main] WARN  o.h.e.jdbc.spi.SqlExceptionHelper - SQL Warning Code: 0, SQLState: 00000
2025-09-07 02:08:33 [main] WARN  o.h.e.jdbc.spi.SqlExceptionHelper - sequence "sale_invoices_SEQ" does not exist, skipping
2025-09-07 02:08:33 [main] WARN  o.h.e.jdbc.spi.SqlExceptionHelper - SQL Warning Code: 0, SQLState: 00000
2025-09-07 02:08:33 [main] WARN  o.h.e.jdbc.spi.SqlExceptionHelper - sequence "sale_refund_items_SEQ" does not exist, skipping
2025-09-07 02:08:33 [main] WARN  o.h.e.jdbc.spi.SqlExceptionHelper - SQL Warning Code: 0, SQLState: 00000
2025-09-07 02:08:33 [main] WARN  o.h.e.jdbc.spi.SqlExceptionHelper - sequence "sale_refunds_SEQ" does not exist, skipping
2025-09-07 02:08:33 [main] WARN  o.h.e.jdbc.spi.SqlExceptionHelper - SQL Warning Code: 0, SQLState: 00000
2025-09-07 02:08:33 [main] WARN  o.h.e.jdbc.spi.SqlExceptionHelper - sequence "stock_item_SEQ" does not exist, skipping
2025-09-07 02:08:33 [main] WARN  o.h.e.jdbc.spi.SqlExceptionHelper - SQL Warning Code: 0, SQLState: 00000
2025-09-07 02:08:33 [main] WARN  o.h.e.jdbc.spi.SqlExceptionHelper - sequence "suppliers_SEQ" does not exist, skipping
2025-09-07 02:08:33 [main] WARN  o.h.e.jdbc.spi.SqlExceptionHelper - SQL Warning Code: 0, SQLState: 00000
2025-09-07 02:08:33 [main] WARN  o.h.e.jdbc.spi.SqlExceptionHelper - sequence "type_translation_SEQ" does not exist, skipping
2025-09-07 02:08:33 [main] WARN  o.h.e.jdbc.spi.SqlExceptionHelper - SQL Warning Code: 0, SQLState: 00000
2025-09-07 02:08:33 [main] WARN  o.h.e.jdbc.spi.SqlExceptionHelper - sequence "types_SEQ" does not exist, skipping
2025-09-07 02:08:33 [main] INFO  o.s.o.j.LocalContainerEntityManagerFactoryBean - Initialized JPA EntityManagerFactory for persistence unit 'default'
2025-09-07 02:08:34 [main] INFO  o.s.d.j.r.query.QueryEnhancerFactory - Hibernate is in classpath; If applicable, HQL parser will be used.
2025-09-07 02:08:38 [main] INFO  c.T.p.c.ProductSearchController - ProductSearchController initialized successfully
2025-09-07 02:08:38 [main] INFO  com.Uqar.product.DataSeed - Starting data seeding process...
2025-09-07 02:08:38 [main] INFO  com.Uqar.product.DataSeed - ✅ Languages seeded
2025-09-07 02:08:39 [main] INFO  com.Uqar.product.DataSeed - ✅ Categories seeded
2025-09-07 02:08:39 [main] INFO  com.Uqar.product.DataSeed - ✅ Forms seeded
2025-09-07 02:08:39 [main] INFO  com.Uqar.product.DataSeed - ✅ Types seeded
2025-09-07 02:08:39 [main] INFO  com.Uqar.product.DataSeed - ✅ Manufacturers seeded
2025-09-07 02:08:39 [main] INFO  com.Uqar.product.DataSeed - ✅ Pharmacy seeded
2025-09-07 02:08:39 [main] INFO  com.Uqar.product.DataSeed - ✅ Cash customer created for pharmacy: صيدلية ترياق
2025-09-07 02:08:39 [main] INFO  com.Uqar.product.DataSeed - Data seeding completed successfully!
2025-09-07 02:08:41 [main] INFO  c.T.u.controller.CustomerController - CustomerController initialized successfully
2025-09-07 02:08:43 [main] INFO  o.s.b.a.e.web.EndpointLinksResolver - Exposing 3 endpoint(s) beneath base path '/actuator'
2025-09-07 02:08:43 [main] INFO  o.s.s.web.DefaultSecurityFilterChain - Will secure any request with [org.springframework.security.web.session.DisableEncodeUrlFilter@4a587e46, org.springframework.security.web.context.request.async.WebAsyncManagerIntegrationFilter@21eaceb3, org.springframework.security.web.context.SecurityContextHolderFilter@3830d858, org.springframework.security.web.header.HeaderWriterFilter@4209ce8f, org.springframework.web.filter.CorsFilter@125abfa3, org.springframework.security.web.authentication.logout.LogoutFilter@42ea5391, com.Uqar.config.JwtAuthenticationFilter@4583b617, org.springframework.security.web.savedrequest.RequestCacheAwareFilter@75bed7e7, org.springframework.security.web.servletapi.SecurityContextHolderAwareRequestFilter@440624ff, org.springframework.security.web.authentication.AnonymousAuthenticationFilter@34bf9708, org.springframework.security.web.session.SessionManagementFilter@d975d01, org.springframework.security.web.access.ExceptionTranslationFilter@427b5eb6, org.springframework.security.web.access.intercept.AuthorizationFilter@659983c5]
2025-09-07 02:08:44 [main] INFO  o.s.b.w.e.tomcat.TomcatWebServer - Tomcat started on port 3000 (http) with context path ''
2025-09-07 02:08:44 [main] INFO  com.Uqar.UqarApplication - Started UqarApplication in 16.929 seconds (process running for 17.487)
2025-09-07 02:08:44 [main] INFO  c.T.u.config.SystemRolesInitializer - Initializing system roles and permissions...
2025-09-07 02:08:44 [main] INFO  c.T.u.config.SystemRolesInitializer - System roles and permissions initialized successfully
2025-09-07 02:08:44 [main] INFO  c.T.u.config.SystemUserInitializer - Initializing system users...
2025-09-07 02:08:44 [main] INFO  c.T.u.config.SystemUserInitializer - Super admin user created:
2025-09-07 02:08:44 [main] INFO  c.T.u.config.SystemUserInitializer - Email: super.admin@Uqar.com
2025-09-07 02:08:44 [main] INFO  c.T.u.config.SystemUserInitializer - Password: Password!1
2025-09-07 02:08:44 [main] INFO  c.T.u.config.SystemUserInitializer - Role: Role(name=PLATFORM_ADMIN, description=Platform Administrator, isActive=true, isSystem=true, isSystemGenerated=false, permissions=[AuditedEntity(createdAt=2025-09-07T02:08:44.733295, updatedAt=2025-09-07T02:08:44.733295, createdBy=1, lastModifiedBy=null, createdByUserType=null, lastModifiedByUserType=null), AuditedEntity(createdAt=2025-09-07T02:08:44.757317, updatedAt=2025-09-07T02:08:44.757317, createdBy=1, lastModifiedBy=null, createdByUserType=null, lastModifiedByUserType=null), AuditedEntity(createdAt=2025-09-07T02:08:44.772293, updatedAt=2025-09-07T02:08:44.772293, createdBy=1, lastModifiedBy=null, createdByUserType=null, lastModifiedByUserType=null), AuditedEntity(createdAt=2025-09-07T02:08:44.769295, updatedAt=2025-09-07T02:08:44.769295, createdBy=1, lastModifiedBy=null, createdByUserType=null, lastModifiedByUserType=null), AuditedEntity(createdAt=2025-09-07T02:08:44.754293, updatedAt=2025-09-07T02:08:44.754293, createdBy=1, lastModifiedBy=null, createdByUserType=null, lastModifiedByUserType=null), AuditedEntity(createdAt=2025-09-07T02:08:44.764294, updatedAt=2025-09-07T02:08:44.764294, createdBy=1, lastModifiedBy=null, createdByUserType=null, lastModifiedByUserType=null), AuditedEntity(createdAt=2025-09-07T02:08:44.735314, updatedAt=2025-09-07T02:08:44.735314, createdBy=1, lastModifiedBy=null, createdByUserType=null, lastModifiedByUserType=null), AuditedEntity(createdAt=2025-09-07T02:08:44.722294, updatedAt=2025-09-07T02:08:44.722294, createdBy=1, lastModifiedBy=null, createdByUserType=null, lastModifiedByUserType=null), AuditedEntity(createdAt=2025-09-07T02:08:44.727295, updatedAt=2025-09-07T02:08:44.727295, createdBy=1, lastModifiedBy=null, createdByUserType=null, lastModifiedByUserType=null), AuditedEntity(createdAt=2025-09-07T02:08:44.737295, updatedAt=2025-09-07T02:08:44.737295, createdBy=1, lastModifiedBy=null, createdByUserType=null, lastModifiedByUserType=null), AuditedEntity(createdAt=2025-09-07T02:08:44.743294, updatedAt=2025-09-07T02:08:44.743294, createdBy=1, lastModifiedBy=null, createdByUserType=null, lastModifiedByUserType=null), AuditedEntity(createdAt=2025-09-07T02:08:44.766293, updatedAt=2025-09-07T02:08:44.766293, createdBy=1, lastModifiedBy=null, createdByUserType=null, lastModifiedByUserType=null), AuditedEntity(createdAt=2025-09-07T02:08:44.767294, updatedAt=2025-09-07T02:08:44.767294, createdBy=1, lastModifiedBy=null, createdByUserType=null, lastModifiedByUserType=null), AuditedEntity(createdAt=2025-09-07T02:08:44.759294, updatedAt=2025-09-07T02:08:44.759294, createdBy=1, lastModifiedBy=null, createdByUserType=null, lastModifiedByUserType=null), AuditedEntity(createdAt=2025-09-07T02:08:44.762294, updatedAt=2025-09-07T02:08:44.762294, createdBy=1, lastModifiedBy=null, createdByUserType=null, lastModifiedByUserType=null), AuditedEntity(createdAt=2025-09-07T02:08:44.771293, updatedAt=2025-09-07T02:08:44.771293, createdBy=1, lastModifiedBy=null, createdByUserType=null, lastModifiedByUserType=null), AuditedEntity(createdAt=2025-09-07T02:08:44.730293, updatedAt=2025-09-07T02:08:44.730293, createdBy=1, lastModifiedBy=null, createdByUserType=null, lastModifiedByUserType=null), AuditedEntity(createdAt=2025-09-07T02:08:44.750293, updatedAt=2025-09-07T02:08:44.750293, createdBy=1, lastModifiedBy=null, createdByUserType=null, lastModifiedByUserType=null), AuditedEntity(createdAt=2025-09-07T02:08:44.752293, updatedAt=2025-09-07T02:08:44.752293, createdBy=1, lastModifiedBy=null, createdByUserType=null, lastModifiedByUserType=null), AuditedEntity(createdAt=2025-09-07T02:08:44.739295, updatedAt=2025-09-07T02:08:44.739295, createdBy=1, lastModifiedBy=null, createdByUserType=null, lastModifiedByUserType=null), AuditedEntity(createdAt=2025-09-07T02:08:44.741293, updatedAt=2025-09-07T02:08:44.741293, createdBy=1, lastModifiedBy=null, createdByUserType=null, lastModifiedByUserType=null), AuditedEntity(createdAt=2025-09-07T02:08:44.761318, updatedAt=2025-09-07T02:08:44.761318, createdBy=1, lastModifiedBy=null, createdByUserType=null, lastModifiedByUserType=null), AuditedEntity(createdAt=2025-09-07T02:08:44.745314, updatedAt=2025-09-07T02:08:44.745314, createdBy=1, lastModifiedBy=null, createdByUserType=null, lastModifiedByUserType=null), AuditedEntity(createdAt=2025-09-07T02:08:44.746294, updatedAt=2025-09-07T02:08:44.746294, createdBy=1, lastModifiedBy=null, createdByUserType=null, lastModifiedByUserType=null), AuditedEntity(createdAt=2025-09-07T02:08:44.749295, updatedAt=2025-09-07T02:08:44.749295, createdBy=1, lastModifiedBy=null, createdByUserType=null, lastModifiedByUserType=null)])
2025-09-07 02:08:44 [main] INFO  c.T.u.config.SystemUserInitializer - Platform admin user created:
2025-09-07 02:08:44 [main] INFO  c.T.u.config.SystemUserInitializer - Email: admin@Uqar.com
2025-09-07 02:08:44 [main] INFO  c.T.u.config.SystemUserInitializer - Password: Password!1
2025-09-07 02:08:44 [main] INFO  c.T.u.config.SystemUserInitializer - Role: Role(name=PLATFORM_ADMIN, description=Platform Administrator, isActive=true, isSystem=true, isSystemGenerated=false, permissions=[AuditedEntity(createdAt=2025-09-07T02:08:44.733295, updatedAt=2025-09-07T02:08:44.733295, createdBy=1, lastModifiedBy=null, createdByUserType=null, lastModifiedByUserType=null), AuditedEntity(createdAt=2025-09-07T02:08:44.757317, updatedAt=2025-09-07T02:08:44.757317, createdBy=1, lastModifiedBy=null, createdByUserType=null, lastModifiedByUserType=null), AuditedEntity(createdAt=2025-09-07T02:08:44.772293, updatedAt=2025-09-07T02:08:44.772293, createdBy=1, lastModifiedBy=null, createdByUserType=null, lastModifiedByUserType=null), AuditedEntity(createdAt=2025-09-07T02:08:44.769295, updatedAt=2025-09-07T02:08:44.769295, createdBy=1, lastModifiedBy=null, createdByUserType=null, lastModifiedByUserType=null), AuditedEntity(createdAt=2025-09-07T02:08:44.754293, updatedAt=2025-09-07T02:08:44.754293, createdBy=1, lastModifiedBy=null, createdByUserType=null, lastModifiedByUserType=null), AuditedEntity(createdAt=2025-09-07T02:08:44.764294, updatedAt=2025-09-07T02:08:44.764294, createdBy=1, lastModifiedBy=null, createdByUserType=null, lastModifiedByUserType=null), AuditedEntity(createdAt=2025-09-07T02:08:44.735314, updatedAt=2025-09-07T02:08:44.735314, createdBy=1, lastModifiedBy=null, createdByUserType=null, lastModifiedByUserType=null), AuditedEntity(createdAt=2025-09-07T02:08:44.722294, updatedAt=2025-09-07T02:08:44.722294, createdBy=1, lastModifiedBy=null, createdByUserType=null, lastModifiedByUserType=null), AuditedEntity(createdAt=2025-09-07T02:08:44.727295, updatedAt=2025-09-07T02:08:44.727295, createdBy=1, lastModifiedBy=null, createdByUserType=null, lastModifiedByUserType=null), AuditedEntity(createdAt=2025-09-07T02:08:44.737295, updatedAt=2025-09-07T02:08:44.737295, createdBy=1, lastModifiedBy=null, createdByUserType=null, lastModifiedByUserType=null), AuditedEntity(createdAt=2025-09-07T02:08:44.743294, updatedAt=2025-09-07T02:08:44.743294, createdBy=1, lastModifiedBy=null, createdByUserType=null, lastModifiedByUserType=null), AuditedEntity(createdAt=2025-09-07T02:08:44.766293, updatedAt=2025-09-07T02:08:44.766293, createdBy=1, lastModifiedBy=null, createdByUserType=null, lastModifiedByUserType=null), AuditedEntity(createdAt=2025-09-07T02:08:44.767294, updatedAt=2025-09-07T02:08:44.767294, createdBy=1, lastModifiedBy=null, createdByUserType=null, lastModifiedByUserType=null), AuditedEntity(createdAt=2025-09-07T02:08:44.759294, updatedAt=2025-09-07T02:08:44.759294, createdBy=1, lastModifiedBy=null, createdByUserType=null, lastModifiedByUserType=null), AuditedEntity(createdAt=2025-09-07T02:08:44.762294, updatedAt=2025-09-07T02:08:44.762294, createdBy=1, lastModifiedBy=null, createdByUserType=null, lastModifiedByUserType=null), AuditedEntity(createdAt=2025-09-07T02:08:44.771293, updatedAt=2025-09-07T02:08:44.771293, createdBy=1, lastModifiedBy=null, createdByUserType=null, lastModifiedByUserType=null), AuditedEntity(createdAt=2025-09-07T02:08:44.730293, updatedAt=2025-09-07T02:08:44.730293, createdBy=1, lastModifiedBy=null, createdByUserType=null, lastModifiedByUserType=null), AuditedEntity(createdAt=2025-09-07T02:08:44.750293, updatedAt=2025-09-07T02:08:44.750293, createdBy=1, lastModifiedBy=null, createdByUserType=null, lastModifiedByUserType=null), AuditedEntity(createdAt=2025-09-07T02:08:44.752293, updatedAt=2025-09-07T02:08:44.752293, createdBy=1, lastModifiedBy=null, createdByUserType=null, lastModifiedByUserType=null), AuditedEntity(createdAt=2025-09-07T02:08:44.739295, updatedAt=2025-09-07T02:08:44.739295, createdBy=1, lastModifiedBy=null, createdByUserType=null, lastModifiedByUserType=null), AuditedEntity(createdAt=2025-09-07T02:08:44.741293, updatedAt=2025-09-07T02:08:44.741293, createdBy=1, lastModifiedBy=null, createdByUserType=null, lastModifiedByUserType=null), AuditedEntity(createdAt=2025-09-07T02:08:44.761318, updatedAt=2025-09-07T02:08:44.761318, createdBy=1, lastModifiedBy=null, createdByUserType=null, lastModifiedByUserType=null), AuditedEntity(createdAt=2025-09-07T02:08:44.745314, updatedAt=2025-09-07T02:08:44.745314, createdBy=1, lastModifiedBy=null, createdByUserType=null, lastModifiedByUserType=null), AuditedEntity(createdAt=2025-09-07T02:08:44.746294, updatedAt=2025-09-07T02:08:44.746294, createdBy=1, lastModifiedBy=null, createdByUserType=null, lastModifiedByUserType=null), AuditedEntity(createdAt=2025-09-07T02:08:44.749295, updatedAt=2025-09-07T02:08:44.749295, createdBy=1, lastModifiedBy=null, createdByUserType=null, lastModifiedByUserType=null)])
2025-09-07 02:08:44 [main] INFO  c.T.u.config.SystemUserInitializer - System users initialized successfully
2025-09-07 02:08:44 [main] INFO  com.Uqar.user.config.AreaDataSeed - Seeding Damascus areas data...
2025-09-07 02:08:45 [main] INFO  com.Uqar.user.config.AreaDataSeed - Damascus areas data seeded successfully!
2025-09-07 02:08:45 [RMI TCP Connection(2)-100.127.255.253] INFO  o.a.c.c.C.[Tomcat].[localhost].[/] - Initializing Spring DispatcherServlet 'dispatcherServlet'
2025-09-07 02:08:45 [RMI TCP Connection(2)-100.127.255.253] INFO  o.s.web.servlet.DispatcherServlet - Initializing Servlet 'dispatcherServlet'
2025-09-07 02:08:45 [RMI TCP Connection(2)-100.127.255.253] INFO  o.s.web.servlet.DispatcherServlet - Completed initialization in 2 ms
2025-09-07 02:09:16 [SpringApplicationShutdownHook] INFO  o.s.o.j.LocalContainerEntityManagerFactoryBean - Closing JPA EntityManagerFactory for persistence unit 'default'
2025-09-07 02:09:16 [SpringApplicationShutdownHook] INFO  com.zaxxer.hikari.HikariDataSource - Uqar - Shutdown initiated...
2025-09-07 02:09:16 [SpringApplicationShutdownHook] INFO  com.zaxxer.hikari.HikariDataSource - Uqar - Shutdown completed.
